<?xml version="1.0" encoding="UTF-8"?>
<!-- Generated by org.testng.reporters.JUnitReportReporter -->
<testsuite hostname="YAYKOC" failures="0" tests="3" name="com.neotech.testcases.LoginTest" time="34.718" errors="0" timestamp="2023-10-16T22:07:51 EDT" skipped="0">
  <testcase classname="com.neotech.testcases.LoginTest" name="validLogin" time="14.498"/>
  <testcase classname="com.neotech.testcases.LoginTest" name="invalidPassword" time="11.997"/>
  <testcase classname="com.neotech.testcases.LoginTest" name="emptyPasswordLogin" time="8.223"/>
</testsuite> <!-- com.neotech.testcases.LoginTest -->
